  BinTree.cpp
BinTree.cpp(3): error C2143: синтаксическая ошибка: отсутствие ";" перед "*"
BinTree.cpp(3): error C4430: отсутствует спецификатор типа - предполагается int. Примечание. C++ не поддерживает int по умолчанию
BinTree.cpp(3): error C2061: синтаксическая ошибка: идентификатор "tree_t"
BinTree.cpp(3): error C2059: синтаксическая ошибка: {
BinTree.cpp(3): error C2143: синтаксическая ошибка: отсутствие ";" перед "{"
BinTree.cpp(3): error C2447: {: отсутствует заголовок функции (возможно, используется формальный список старого типа)
BinTree.cpp(14): error C2143: синтаксическая ошибка: отсутствие ";" перед "*"
BinTree.cpp(14): error C4430: отсутствует спецификатор типа - предполагается int. Примечание. C++ не поддерживает int по умолчанию
BinTree.cpp(14): error C2086: int tree_t: переопределение
  BinTree.cpp(3): note:  см. объявление "tree_t"
BinTree.cpp(14): error C2065: tr: необъявленный идентификатор
BinTree.cpp(14): error C2062: тип "char" не требуется
BinTree.cpp(14): error C2143: синтаксическая ошибка: отсутствие ";" перед "{"
BinTree.cpp(14): error C2447: {: отсутствует заголовок функции (возможно, используется формальный список старого типа)
BinTree.cpp(30): error C2143: синтаксическая ошибка: отсутствие ";" перед "*"
BinTree.cpp(30): error C4430: отсутствует спецификатор типа - предполагается int. Примечание. C++ не поддерживает int по умолчанию
BinTree.cpp(30): error C2086: int tree_t: переопределение
  BinTree.cpp(3): note:  см. объявление "tree_t"
BinTree.cpp(30): error C2065: tr: необъявленный идентификатор
BinTree.cpp(30): error C2062: тип "char" не требуется
BinTree.cpp(30): error C2143: синтаксическая ошибка: отсутствие ";" перед "{"
BinTree.cpp(30): error C2447: {: отсутствует заголовок функции (возможно, используется формальный список старого типа)
BinTree.cpp(40): error C2065: tr: необъявленный идентификатор
BinTree.cpp(40): error C2448: maxRinL: вероятно, инициализатор, использующий стиль функции, является определением функции
BinTree.cpp(52): error C2065: tr: необъявленный идентификатор
BinTree.cpp(52): error C2448: maxLinR: вероятно, инициализатор, использующий стиль функции, является определением функции
BinTree.cpp(64): error C2065: tr: необъявленный идентификатор
BinTree.cpp(64): error C2062: тип "char" не требуется
BinTree.cpp(64): error C2143: синтаксическая ошибка: отсутствие ";" перед "{"
BinTree.cpp(64): error C2447: {: отсутствует заголовок функции (возможно, используется формальный список старого типа)
BinTree.cpp(117): error C2065: tr: необъявленный идентификатор
BinTree.cpp(117): error C2182: delall: недопустимое использование типа "void"
BinTree.cpp(117): error C2448: delall: вероятно, инициализатор, использующий стиль функции, является определением функции
BinTree.cpp(121): error C2065: tr: необъявленный идентификатор
BinTree.cpp(121): error C2065: TR: необъявленный идентификатор
BinTree.cpp(121): error C2182: view_tree: недопустимое использование типа "void"
BinTree.cpp(121): error C2448: view_tree: вероятно, инициализатор, использующий стиль функции, является определением функции
BinTree.cpp(129): error C2065: tr: необъявленный идентификатор
BinTree.cpp(129): error C2182: new_tree: недопустимое использование типа "void"
BinTree.cpp(129): error C2448: new_tree: вероятно, инициализатор, использующий стиль функции, является определением функции
BinTree.cpp(139): error C2065: tr: необъявленный идентификатор
BinTree.cpp(139): error C2062: тип "char" не требуется
BinTree.cpp(139): error C2143: синтаксическая ошибка: отсутствие ";" перед "{"
BinTree.cpp(139): error C2447: {: отсутствует заголовок функции (возможно, используется формальный список старого типа)
BinTree.cpp(166): error C2065: tr: необъявленный идентификатор
BinTree.cpp(166): error C2182: read_tree: недопустимое использование типа "void"
BinTree.cpp(166): error C2448: read_tree: вероятно, инициализатор, использующий стиль функции, является определением функции
BinTree.cpp(187): error C2065: tr: необъявленный идентификатор
BinTree.cpp(187): error C2062: тип "int" не требуется
BinTree.cpp(187): error C2143: синтаксическая ошибка: отсутствие ";" перед "{"
BinTree.cpp(187): error C2447: {: отсутствует заголовок функции (возможно, используется формальный список старого типа)
BinTree.cpp(194): error C2061: синтаксическая ошибка: идентификатор "tree_t"
BinTree.cpp(195): error C2065: tr: необъявленный идентификатор
BinTree.cpp(196): error C2065: tr: необъявленный идентификатор
BinTree.cpp(196): error C2227: выражение слева от "->right" должно указывать на тип класса, структуры или объединения либо на универсальный тип
  BinTree.cpp(196): note: тип: unknown-type
BinTree.cpp(196): error C2065: k: необъявленный идентификатор
BinTree.cpp(197): error C2065: k: необъявленный идентификатор
BinTree.cpp(197): error C2065: tr: необъявленный идентификатор
BinTree.cpp(197): error C2227: выражение слева от "->word" должно указывать на тип класса, структуры или объединения либо на универсальный тип
  BinTree.cpp(197): note: тип: unknown-type
BinTree.cpp(197): error C2227: выражение слева от "->count" должно указывать на тип класса, структуры или объединения либо на универсальный тип
  BinTree.cpp(197): note: тип: unknown-type
BinTree.cpp(198): error C2065: tr: необъявленный идентификатор
BinTree.cpp(198): error C2227: выражение слева от "->left" должно указывать на тип класса, структуры или объединения либо на универсальный тип
  BinTree.cpp(198): note: тип: unknown-type
BinTree.cpp(198): error C2065: k: необъявленный идентификатор
BinTree.cpp(197): warning C4473: "fprintf": передано недостаточно аргументов для строки формата
  BinTree.cpp(197): note: заполнители и их параметры ожидают переменное число аргументов в количестве 3, но было предоставлено 0
  BinTree.cpp(197): note: отсутствующий вариативный аргумент "2" требуется для строки форматирования "%*s"
  BinTree.cpp(197): note: этот аргумент используется описателем преобразования
BinTree.cpp(202): error C2882: tr1: недопустимое использование идентификатора пространства имен в выражении
BinTree.cpp(202): error C2065: tr2: необъявленный идентификатор
BinTree.cpp(202): error C2065: TR: необъявленный идентификатор
BinTree.cpp(202): error C2182: intersect_tr: недопустимое использование типа "void"
BinTree.cpp(202): error C2448: intersect_tr: вероятно, инициализатор, использующий стиль функции, является определением функции
BinTree.cpp(206): error C2882: tr1: недопустимое использование идентификатора пространства имен в выражении
BinTree.cpp(206): error C2065: tr2: необъявленный идентификатор
BinTree.cpp(206): error C2065: TR: необъявленный идентификатор
BinTree.cpp(206): error C2182: diff_tr: недопустимое использование типа "void"
BinTree.cpp(206): error C2448: diff_tr: вероятно, инициализатор, использующий стиль функции, является определением функции
BinTree.cpp(237): error C2061: синтаксическая ошибка: идентификатор "tree_t"
BinTree.cpp(241): error C2065: tree: необъявленный идентификатор
BinTree.cpp(248): error C2065: tree: необъявленный идентификатор
BinTree.cpp(248): error C2062: тип "int" не требуется
BinTree.cpp(248): error C2143: синтаксическая ошибка: отсутствие ";" перед "{"
BinTree.cpp(248): error C2447: {: отсутствует заголовок функции (возможно, используется формальный список старого типа)
BinTree.cpp(324): error C2065: tree: необъявленный идентификатор
BinTree.cpp(324): error C2062: тип "int" не требуется
BinTree.cpp(324): error C2143: синтаксическая ошибка: отсутствие ";" перед "{"
BinTree.cpp(324): error C2447: {: отсутствует заголовок функции (возможно, используется формальный список старого типа)
  Tree.cpp
Tree.cpp(8): error C2065: tree_t: необъявленный идентификатор
Tree.cpp(8): error C2065: tree: необъявленный идентификатор
Tree.cpp(14): error C3861: Menu_prev: идентификатор не найден
Tree.cpp(19): error C2065: tree: необъявленный идентификатор
Tree.cpp(26): error C2065: tree: необъявленный идентификатор
Tree.cpp(26): error C3861: m_help: идентификатор не найден
Tree.cpp(30): error C2065: tree: необъявленный идентификатор
Tree.cpp(30): error C3861: m_help: идентификатор не найден
Tree.cpp(34): error C2065: tree: необъявленный идентификатор
Tree.cpp(34): error C3861: m_help: идентификатор не найден
Tree.cpp(40): error C2065: tree: необъявленный идентификатор
Tree.cpp(40): error C3861: f1: идентификатор не найден
Tree.cpp(42): error C3861: Menu_prev: идентификатор не найден
Tree.cpp(48): error C2065: tree: необъявленный идентификатор
Tree.cpp(48): error C3861: m_help: идентификатор не найден
Tree.cpp(53): error C2065: tree: необъявленный идентификатор
Tree.cpp(55): error C2065: tree: необъявленный идентификатор
Tree.cpp(55): error C3861: f2: идентификатор не найден
Tree.cpp(57): error C3861: Menu_prev: идентификатор не найден
